<?xml version="1.0" encoding="UTF-8"?>
<testng-results skipped="0" failed="1" ignored="0" total="1" passed="0">
  <reporter-output>
    <line>
      <![CDATA[Demo]]>
    </line>
    <line>
      <![CDATA[TesttestDemois fail/skip]]>
    </line>
  </reporter-output>
  <suite name="Default suite" duration-ms="11105" started-at="2019-02-28T06:34:59Z" finished-at="2019-02-28T06:35:10Z">
    <groups>
    </groups>
    <test name="Default test" duration-ms="11105" started-at="2019-02-28T06:34:59Z" finished-at="2019-02-28T06:35:10Z">
      <class name="script.Demo">
        <test-method status="PASS" signature="openApp()[pri:0, instance:script.Demo@1b604f19]" name="openApp" is-config="true" duration-ms="8354" started-at="2019-02-28T12:04:59Z" finished-at="2019-02-28T12:05:07Z">
          <reporter-output>
          </reporter-output>
        </test-method> <!-- openApp -->
        <test-method status="FAIL" signature="testDemo()[pri:0, instance:script.Demo@1b604f19]" name="testDemo" duration-ms="11" started-at="2019-02-28T12:05:07Z" finished-at="2019-02-28T12:05:07Z">
          <exception class="java.lang.AssertionError">
            <message>
              <![CDATA[null]]>
            </message>
            <full-stacktrace>
              <![CDATA[java.lang.AssertionError: null
	at org.testng.Assert.fail(Assert.java:93)
	at org.testng.Assert.fail(Assert.java:100)
	at script.Demo.testDemo(Demo.java:16)
	at sun.reflect.NativeMethodAccessorImpl.invoke0(Native Method)
	at sun.reflect.NativeMethodAccessorImpl.invoke(Unknown Source)
	at sun.reflect.DelegatingMethodAccessorImpl.invoke(Unknown Source)
	at java.lang.reflect.Method.invoke(Unknown Source)
	at org.testng.internal.MethodInvocationHelper.invokeMethod(MethodInvocationHelper.java:108)
	at org.testng.internal.Invoker.invokeMethod(Invoker.java:661)
	at org.testng.internal.Invoker.invokeTestMethod(Invoker.java:869)
	at org.testng.internal.Invoker.invokeTestMethods(Invoker.java:1193)
	at org.testng.internal.TestMethodWorker.invokeTestMethods(TestMethodWorker.java:126)
	at org.testng.internal.TestMethodWorker.run(TestMethodWorker.java:109)
	at org.testng.TestRunner.privateRun(TestRunner.java:744)
	at org.testng.TestRunner.run(TestRunner.java:602)
	at org.testng.SuiteRunner.runTest(SuiteRunner.java:380)
	at org.testng.SuiteRunner.runSequentially(SuiteRunner.java:375)
	at org.testng.SuiteRunner.privateRun(SuiteRunner.java:340)
	at org.testng.SuiteRunner.run(SuiteRunner.java:289)
	at org.testng.SuiteRunnerWorker.runSuite(SuiteRunnerWorker.java:52)
	at org.testng.SuiteRunnerWorker.run(SuiteRunnerWorker.java:86)
	at org.testng.TestNG.runSuitesSequentially(TestNG.java:1301)
	at org.testng.TestNG.runSuitesLocally(TestNG.java:1226)
	at org.testng.TestNG.runSuites(TestNG.java:1144)
	at org.testng.TestNG.run(TestNG.java:1115)
	at org.testng.remote.AbstractRemoteTestNG.run(AbstractRemoteTestNG.java:132)
	at org.testng.remote.RemoteTestNG.initAndRun(RemoteTestNG.java:230)
	at org.testng.remote.RemoteTestNG.main(RemoteTestNG.java:76)
]]>
            </full-stacktrace>
          </exception> <!-- java.lang.AssertionError -->
          <reporter-output>
            <line>
              <![CDATA[Demo]]>
            </line>
          </reporter-output>
        </test-method> <!-- testDemo -->
        <test-method status="PASS" signature="closeApp(org.testng.ITestResult)[pri:0, instance:script.Demo@1b604f19]" name="closeApp" is-config="true" duration-ms="2714" started-at="2019-02-28T12:05:07Z" finished-at="2019-02-28T12:05:10Z">
          <params>
            <param index="0">
              <value>
                <![CDATA[[TestResult name=testDemo status=FAILURE method=Demo.testDemo()[pri:0, instance:script.Demo@1b604f19] output=Demo]]]>
              </value>
            </param>
          </params>
          <reporter-output>
            <line>
              <![CDATA[TesttestDemois fail/skip]]>
            </line>
          </reporter-output>
        </test-method> <!-- closeApp -->
      </class> <!-- script.Demo -->
    </test> <!-- Default test -->
  </suite> <!-- Default suite -->
</testng-results>
